Unity Editor version:    2020.3.27f1 (e759542391ea)
Branch:                  2020.3/release
Build type:              Release
Batch mode:              YES
macOS version:           Version 11.2.1 (Build 20D74)
Darwin version:          20.3.0
Architecture:            x86_64
Running under Rosetta:   NO
Available memory:        16384 MB
Using pre-set license
Pro License: NO

COMMAND LINE ARGUMENTS:
/Applications/2020.3.27f1/Unity.app/Contents/MacOS/Unity
-adb2
-batchMode
-noUpm
-name
AssetImportWorker0
-projectPath
/Users/game1/Desktop/Ruby's Adventure 2D
-logFile
Logs/AssetImportWorker0.log
-srvPort
53361
Successfully changed project path to: /Users/game1/Desktop/Ruby's Adventure 2D
/Users/game1/Desktop/Ruby's Adventure 2D
Using Asset Import Pipeline V2.
Refreshing native plugins compatible for Editor in 39.34 ms, found 3 plugins.
Preloading 0 native plugins for Editor in 0.00 ms.
Initialize engine version: 2020.3.27f1 (e759542391ea)
[Subsystems] Discovering subsystems at path /Applications/2020.3.27f1/Unity.app/Contents/Resources/UnitySubsystems
[Subsystems] Discovering subsystems at path /Users/game1/Desktop/Ruby's Adventure 2D/Assets
GfxDevice: creating device client; threaded=0
2024-03-25 09:04:15.915 Unity[13133:587960] iMac preferred device: AMD Radeon Pro 5500 XT (high power)
2024-03-25 09:04:15.915 Unity[13133:587960] Metal devices available: 1
2024-03-25 09:04:15.915 Unity[13133:587960] 0: AMD Radeon Pro 5500 XT (high power)
2024-03-25 09:04:15.915 Unity[13133:587960] Using device AMD Radeon Pro 5500 XT (high power)
Initializing Metal device caps: AMD Radeon Pro 5500 XT
Initialize mono
Mono path[0] = '/Applications/2020.3.27f1/Unity.app/Contents/Managed'
Mono path[1] = '/Applications/2020.3.27f1/Unity.app/Contents/MonoBleedingEdge/lib/mono/unityjit'
Mono config path = '/Applications/2020.3.27f1/Unity.app/Contents/MonoBleedingEdge/etc'
Using monoOptions --debugger-agent=transport=dt_socket,embedding=1,server=y,suspend=n,address=127.0.0.1:56133
Begin MonoManager ReloadAssembly
Registering precompiled unity dll's ...
Register platform support module: /Applications/2020.3.27f1/Unity.app/Contents/PlaybackEngines/MacStandaloneSupport/UnityEditor.OSXStandalone.Extensions.dll
Registered in 0.000447 seconds.
Native extension for OSXStandalone target not found
Refreshing native plugins compatible for Editor in 40.12 ms, found 3 plugins.
Preloading 0 native plugins for Editor in 0.00 ms.
Mono: successfully reloaded assembly
- Completed reload, in  0.540 seconds
Domain Reload Profiling:
	ReloadAssembly (540ms)
		BeginReloadAssembly (39ms)
			ExecutionOrderSort (0ms)
			DisableScriptedObjects (0ms)
			BackupInstance (0ms)
			ReleaseScriptingObjects (0ms)
			CreateAndSetChildDomain (1ms)
		EndReloadAssembly (436ms)
			LoadAssemblies (38ms)
			RebuildTransferFunctionScriptingTraits (0ms)
			SetupTypeCache (158ms)
			ReleaseScriptCaches (0ms)
			RebuildScriptCaches (33ms)
			SetupLoadedEditorAssemblies (171ms)
				LogAssemblyErrors (0ms)
				InitializePlatformSupportModulesInManaged (4ms)
				SetLoadedEditorAssemblies (0ms)
				RefreshPlugins (40ms)
				BeforeProcessingInitializeOnLoad (7ms)
				ProcessInitializeOnLoadAttributes (93ms)
				ProcessInitializeOnLoadMethodAttributes (27ms)
				AfterProcessingInitializeOnLoad (0ms)
				EditorAssembliesLoaded (0ms)
			ExecutionOrderSort2 (0ms)
			AwakeInstancesAfterBackupRestoration (0ms)
Platform modules already initialized, skipping
Registering precompiled user dll's ...
Registered in 0.001804 seconds.
Begin MonoManager ReloadAssembly
Native extension for OSXStandalone target not found
Refreshing native plugins compatible for Editor in 39.43 ms, found 3 plugins.
Preloading 0 native plugins for Editor in 0.00 ms.
Mono: successfully reloaded assembly
- Completed reload, in  1.052 seconds
Domain Reload Profiling:
	ReloadAssembly (1052ms)
		BeginReloadAssembly (133ms)
			ExecutionOrderSort (0ms)
			DisableScriptedObjects (4ms)
			BackupInstance (0ms)
			ReleaseScriptingObjects (0ms)
			CreateAndSetChildDomain (24ms)
		EndReloadAssembly (863ms)
			LoadAssemblies (69ms)
			RebuildTransferFunctionScriptingTraits (0ms)
			SetupTypeCache (313ms)
			ReleaseScriptCaches (0ms)
			RebuildScriptCaches (55ms)
			SetupLoadedEditorAssemblies (316ms)
				LogAssemblyErrors (0ms)
				InitializePlatformSupportModulesInManaged (3ms)
				SetLoadedEditorAssemblies (0ms)
				RefreshPlugins (39ms)
				BeforeProcessingInitializeOnLoad (52ms)
				ProcessInitializeOnLoadAttributes (205ms)
				ProcessInitializeOnLoadMethodAttributes (15ms)
				AfterProcessingInitializeOnLoad (1ms)
				EditorAssembliesLoaded (0ms)
			ExecutionOrderSort2 (0ms)
			AwakeInstancesAfterBackupRestoration (6ms)
Platform modules already initialized, skipping
Validating Project structure ... 0.005579 seconds.
Shader import version has changed; will reimport all shaders...
Upgrading shader files ...0.012051 seconds.
Application.AssetDatabase Initial Script Refresh Start
RefreshInfo: InitialScriptRefreshV2(NoUpdateAssetOptions) scanfilter:  ... 1 filters
RefreshProfiler: Total: 0.000ms
Application.AssetDatabase Initial Script Refresh End
Application.AssetDatabase.Refresh Start
Application.AssetDatabase.Refresh End
RefreshInfo: StopAssetImportingV2(ForceSynchronousImport) scanfilter: 
RefreshProfiler: Total: 0.000ms
Launching external process: /Applications/2020.3.27f1/Unity.app/Contents/Tools/UnityShaderCompiler
Launched and connected shader compiler UnityShaderCompiler after 0.01 seconds
Initializing Unity extensions:
========================================================================
Worker process is ready to serve import requests
Refreshing native plugins compatible for Editor in 0.44 ms, found 3 plugins.
Preloading 0 native plugins for Editor in 0.00 ms.
Unloading 2367 Unused Serialized files (Serialized files now loaded: 0)
System memory in use before: 222.5 MB.
System memory in use after: 221.6 MB.

Unloading 159 unused Assets to reduce memory usage. Loaded Objects now: 2836.
Total: 2.878353 ms (FindLiveObjects: 0.163043 ms CreateObjectMapping: 0.079110 ms MarkObjects: 2.178970 ms  DeleteObjects: 0.456598 ms)

AssetImportParameters requested are different than current active one (requested -> active):
  custom:video-decoder-ogg-theora: a1e56fd34408186e4bbccfd4996cb3dc -> 
  custom:container-muxer-webm: aa71ff27fc2769a1b78a27578f13a17b -> 
  custom:container-demuxer-webm: 4f35f7cbe854078d1ac9338744f61a02 -> 
  custom:container-demuxer-ogg: 62fdf1f143b41e24485cea50d1cbac27 -> 
  custom:video-encoder-webm-vp8: eb34c28f22e8b96e1ab97ce403110664 -> 
  custom:framework-osx-AVFoundation: e770b220cccbd017edd2c1fefb359320 -> 
  custom:video-decoder-webm-vp8: 9c59270c3fd7afecdb556c50c9e8de78 -> 
  custom:audio-decoder-ogg-vorbis: bf7c407c2cedff20999df2af8eb42d56 -> 
  custom:audio-encoder-webm-vorbis: bf7c407c2cedff20999df2af8eb42d56 -> 
========================================================================
Received Import Request.
  path: Assets/Scenes/Ruby Challenge.unity.unity
  artifactKey: Guid(b6fd55f053d0c48948610e9395d50089) Importer(815301076,1909f56bfc062723c751e8b465ee728b)
Start importing Assets/Scenes/Ruby Challenge.unity.unity using Guid(b6fd55f053d0c48948610e9395d50089) Importer(815301076,1909f56bfc062723c751e8b465ee728b)  -> (artifact id: 'a8a19086d5bfbdd31b23d829c6ee2511') in 0.012220 seconds 
  Import took 0.015055 seconds .

========================================================================
Received Import Request.
  Time since last request: 14.237799 seconds.
  path: Assets/Art/Animations/AnimationClips/Player/RubyRunDown.anim
  artifactKey: Guid(bc859b42527852244bafef7eb4220a47) Importer(815301076,1909f56bfc062723c751e8b465ee728b)
Start importing Assets/Art/Animations/AnimationClips/Player/RubyRunDown.anim using Guid(bc859b42527852244bafef7eb4220a47) Importer(815301076,1909f56bfc062723c751e8b465ee728b)  -> (artifact id: '4cf0a4b4d9c51cfb9467790c90ff55a8') in 0.867139 seconds 
  Import took 0.871902 seconds .

========================================================================
Received Import Request.
  Time since last request: 0.009366 seconds.
  path: Assets/Scripts/HealthCollectible.cs
  artifactKey: Guid(2fb7290ca75cd42d484874f52d9f4232) Importer(815301076,1909f56bfc062723c751e8b465ee728b)
Start importing Assets/Scripts/HealthCollectible.cs using Guid(2fb7290ca75cd42d484874f52d9f4232) Importer(815301076,1909f56bfc062723c751e8b465ee728b)  -> (artifact id: '9fc095f177b885b125b3d77c9104e52f') in 0.277013 seconds 
  Import took 0.283145 seconds .

========================================================================
Received Import Request.
  Time since last request: 0.004370 seconds.
  path: Assets/Art/Animations/AnimationClips/Player/RubyIdleLeft.anim
  artifactKey: Guid(0a2f355514bccbb4db7582e45e78f187) Importer(815301076,1909f56bfc062723c751e8b465ee728b)
Start importing Assets/Art/Animations/AnimationClips/Player/RubyIdleLeft.anim using Guid(0a2f355514bccbb4db7582e45e78f187) Importer(815301076,1909f56bfc062723c751e8b465ee728b)  -> (artifact id: '541de717a293547d4ebb5963801cf576') in 0.003847 seconds 
  Import took 0.009907 seconds .

========================================================================
Received Import Request.
  Time since last request: 0.006279 seconds.
  path: Assets/Art/Animations/AnimationClips/Robot_Right.anim.anim.anim
  artifactKey: Guid(dfc2c1592483647c3b3354ee9ed414c0) Importer(815301076,1909f56bfc062723c751e8b465ee728b)
Start importing Assets/Art/Animations/AnimationClips/Robot_Right.anim.anim.anim using Guid(dfc2c1592483647c3b3354ee9ed414c0) Importer(815301076,1909f56bfc062723c751e8b465ee728b)  -> (artifact id: 'f1c09dd95c78bc1f8988722d05c60db7') in 0.003131 seconds 
  Import took 0.009069 seconds .

========================================================================
Received Import Request.
  Time since last request: 0.001994 seconds.
  path: Assets/Art/Sprites/tiles/grasstileset_68.asset
  artifactKey: Guid(f22ffcc214ec54b6db081738fd20bd9a) Importer(815301076,1909f56bfc062723c751e8b465ee728b)
Start importing Assets/Art/Sprites/tiles/grasstileset_68.asset using Guid(f22ffcc214ec54b6db081738fd20bd9a) Importer(815301076,1909f56bfc062723c751e8b465ee728b)  -> (artifact id: '43906e199f1573a66e78d2b448693e49') in 0.266537 seconds 
  Import took 0.271523 seconds .

========================================================================
Received Import Request.
  Time since last request: 0.003268 seconds.
  path: Assets/Scripts/RubyController.cs
  artifactKey: Guid(9b7c6e1f62b624439a786966fd266703) Importer(815301076,1909f56bfc062723c751e8b465ee728b)
Start importing Assets/Scripts/RubyController.cs using Guid(9b7c6e1f62b624439a786966fd266703) Importer(815301076,1909f56bfc062723c751e8b465ee728b)  -> (artifact id: 'e3f506f570d758d50d2b9f9573abf222') in 0.002946 seconds 
  Import took 0.006783 seconds .

========================================================================
Received Import Request.
  Time since last request: 0.001365 seconds.
  path: Assets/Art/Animations/AnimationClips/Player/RubyHitDown.anim
  artifactKey: Guid(07f2b32839e2f98428c49d63421c8693) Importer(815301076,1909f56bfc062723c751e8b465ee728b)
Start importing Assets/Art/Animations/AnimationClips/Player/RubyHitDown.anim using Guid(07f2b32839e2f98428c49d63421c8693) Importer(815301076,1909f56bfc062723c751e8b465ee728b)  -> (artifact id: '0e4ae95246e6c1a904478d4e7d67fbb4') in 0.003298 seconds 
  Import took 0.006866 seconds .

========================================================================
Received Import Request.
  Time since last request: 0.001421 seconds.
  path: Assets/Art/Animations/AnimationClips/Player/RubyRunLeft.anim
  artifactKey: Guid(d79ff6f6f29dbe040ad6e53cfb430d6f) Importer(815301076,1909f56bfc062723c751e8b465ee728b)
Start importing Assets/Art/Animations/AnimationClips/Player/RubyRunLeft.anim using Guid(d79ff6f6f29dbe040ad6e53cfb430d6f) Importer(815301076,1909f56bfc062723c751e8b465ee728b)  -> (artifact id: 'be7b2887c63d6ca4a661ac1e3bd9fbd9') in 0.003439 seconds 
  Import took 0.007687 seconds .

========================================================================
Received Import Request.
  Time since last request: 0.001609 seconds.
  path: Assets/Art/Animations/AnimationClips/Player/RubyRunUp.anim
  artifactKey: Guid(89dfb0833213db047aa9501715d1678d) Importer(815301076,1909f56bfc062723c751e8b465ee728b)
Start importing Assets/Art/Animations/AnimationClips/Player/RubyRunUp.anim using Guid(89dfb0833213db047aa9501715d1678d) Importer(815301076,1909f56bfc062723c751e8b465ee728b)  -> (artifact id: 'be9b49d7973aa60b7e5e5e998cd72dc4') in 0.004049 seconds 
  Import took 0.007747 seconds .

========================================================================
Received Import Request.
  Time since last request: 0.003284 seconds.
  path: Assets/Art/Animations/AnimationClips/Player/RubyRunRight.anim
  artifactKey: Guid(23a07c97e33f03d47a394c40a8f9418d) Importer(815301076,1909f56bfc062723c751e8b465ee728b)
Start importing Assets/Art/Animations/AnimationClips/Player/RubyRunRight.anim using Guid(23a07c97e33f03d47a394c40a8f9418d) Importer(815301076,1909f56bfc062723c751e8b465ee728b)  -> (artifact id: '9a0bd28359409490c334a07135c26656') in 0.003913 seconds 
  Import took 0.008137 seconds .

========================================================================
Received Import Request.
  Time since last request: 0.003921 seconds.
  path: Assets/Art/Animations/AnimationClips/Player/RubyIdleUp.anim
  artifactKey: Guid(89c429289a4c78c4fbe1d21100991270) Importer(815301076,1909f56bfc062723c751e8b465ee728b)
Start importing Assets/Art/Animations/AnimationClips/Player/RubyIdleUp.anim using Guid(89c429289a4c78c4fbe1d21100991270) Importer(815301076,1909f56bfc062723c751e8b465ee728b)  -> (artifact id: '2fc1a8d1253c99924fd13f7a0522256a') in 0.004909 seconds 
  Import took 0.010995 seconds .

========================================================================
Received Import Request.
  Time since last request: 0.002219 seconds.
  path: Assets/Art/Animations/AnimationClips/Player/RubyLaunchUp.anim
  artifactKey: Guid(d9b5fbc0ad897124c85b1a8fb88a186a) Importer(815301076,1909f56bfc062723c751e8b465ee728b)
Start importing Assets/Art/Animations/AnimationClips/Player/RubyLaunchUp.anim using Guid(d9b5fbc0ad897124c85b1a8fb88a186a) Importer(815301076,1909f56bfc062723c751e8b465ee728b)  -> (artifact id: 'eb7c800c7f05912d7275eb76013e6512') in 0.004797 seconds 
  Import took 0.008728 seconds .

========================================================================
Received Import Request.
  Time since last request: 0.003702 seconds.
  path: Assets/Art/Sprites/tiles/grasstileset_67.asset
  artifactKey: Guid(3f34c15bcac084279b5c61360c175798) Importer(815301076,1909f56bfc062723c751e8b465ee728b)
Start importing Assets/Art/Sprites/tiles/grasstileset_67.asset using Guid(3f34c15bcac084279b5c61360c175798) Importer(815301076,1909f56bfc062723c751e8b465ee728b)  -> (artifact id: '067f61d038021ada628526789ce91bf5') in 0.009913 seconds 
  Import took 0.014820 seconds .

========================================================================
Received Import Request.
  Time since last request: 0.002051 seconds.
  path: Assets/Art/Animations/AnimationClips/Robot_Down.anim.anim.anim
  artifactKey: Guid(3cee1298928fd42e59ab6c219d9603c9) Importer(815301076,1909f56bfc062723c751e8b465ee728b)
Start importing Assets/Art/Animations/AnimationClips/Robot_Down.anim.anim.anim using Guid(3cee1298928fd42e59ab6c219d9603c9) Importer(815301076,1909f56bfc062723c751e8b465ee728b)  -> (artifact id: 'b3e4619f04958b5470542e4d1ee89a94') in 0.004951 seconds 
  Import took 0.010351 seconds .

========================================================================
Received Import Request.
  Time since last request: 0.003857 seconds.
  path: Assets/Art/Animations/Robot.controller
  artifactKey: Guid(e619c2dfc88f1411e9c24d63fab973cd) Importer(815301076,1909f56bfc062723c751e8b465ee728b)
Start importing Assets/Art/Animations/Robot.controller using Guid(e619c2dfc88f1411e9c24d63fab973cd) Importer(815301076,1909f56bfc062723c751e8b465ee728b)  -> (artifact id: '5bb7501fea6ea931dc6271b208bfbcff') in 0.124957 seconds 
  Import took 0.130766 seconds .

========================================================================
Received Import Request.
  Time since last request: 0.001294 seconds.
  path: Assets/Art/Animations/AnimationClips/Player/RubyLaunchLeft.anim
  artifactKey: Guid(4ce02915674361f41a756ada650b5a35) Importer(815301076,1909f56bfc062723c751e8b465ee728b)
Start importing Assets/Art/Animations/AnimationClips/Player/RubyLaunchLeft.anim using Guid(4ce02915674361f41a756ada650b5a35) Importer(815301076,1909f56bfc062723c751e8b465ee728b)  -> (artifact id: '0f496b865f947010e087f86f71ba9ae4') in 0.001653 seconds 
  Import took 0.004402 seconds .

========================================================================
Received Import Request.
  Time since last request: 0.003222 seconds.
  path: Assets/Art/Animations/AnimationClips/Player/RubyHitLeft.anim
  artifactKey: Guid(c1b9a114c780f974284fddf886871a16) Importer(815301076,1909f56bfc062723c751e8b465ee728b)
Start importing Assets/Art/Animations/AnimationClips/Player/RubyHitLeft.anim using Guid(c1b9a114c780f974284fddf886871a16) Importer(815301076,1909f56bfc062723c751e8b465ee728b)  -> (artifact id: 'e6b514a791bdeb76d3830a7d70ba6a77') in 0.003292 seconds 
  Import took 0.007644 seconds .

========================================================================
Received Import Request.
  Time since last request: 0.001567 seconds.
  path: Assets/Art/Animations/AnimationClips/Player/RubyHitRight.anim
  artifactKey: Guid(58f46138981fa4944bcf388ef7cd9980) Importer(815301076,1909f56bfc062723c751e8b465ee728b)
Start importing Assets/Art/Animations/AnimationClips/Player/RubyHitRight.anim using Guid(58f46138981fa4944bcf388ef7cd9980) Importer(815301076,1909f56bfc062723c751e8b465ee728b)  -> (artifact id: 'e46a4e487d8da5168a943f85a947c8f2') in 0.001747 seconds 
  Import took 0.004777 seconds .

========================================================================
Received Import Request.
  Time since last request: 0.001611 seconds.
  path: Assets/Art/Animations/Ruby.controller
  artifactKey: Guid(b77822e0485373d40b5beb92e9a5e728) Importer(815301076,1909f56bfc062723c751e8b465ee728b)
Start importing Assets/Art/Animations/Ruby.controller using Guid(b77822e0485373d40b5beb92e9a5e728) Importer(815301076,1909f56bfc062723c751e8b465ee728b)  -> (artifact id: 'e462eec62b4c24534c5191c17cb2fc86') in 0.005687 seconds 
  Import took 0.009247 seconds .

========================================================================
Received Import Request.
  Time since last request: 0.003070 seconds.
  path: Assets/Art/Animations/AnimationClips/Player/RubyLaunchRight.anim
  artifactKey: Guid(ce9c3af04eaf77d46907f9c6e545f44f) Importer(815301076,1909f56bfc062723c751e8b465ee728b)
Start importing Assets/Art/Animations/AnimationClips/Player/RubyLaunchRight.anim using Guid(ce9c3af04eaf77d46907f9c6e545f44f) Importer(815301076,1909f56bfc062723c751e8b465ee728b)  -> (artifact id: '1c9755660ab1bd5310c4b1e9e77b185f') in 0.001897 seconds 
  Import took 0.005108 seconds .

========================================================================
Received Import Request.
  Time since last request: 0.005385 seconds.
  path: Assets/Art/Animations/AnimationClips/Player/RubyIdleDown.anim
  artifactKey: Guid(214bcd861ce37b3409eea1b7e32210b4) Importer(815301076,1909f56bfc062723c751e8b465ee728b)
Start importing Assets/Art/Animations/AnimationClips/Player/RubyIdleDown.anim using Guid(214bcd861ce37b3409eea1b7e32210b4) Importer(815301076,1909f56bfc062723c751e8b465ee728b)  -> (artifact id: 'b6f989a1a6b75b9f85501fe7e3ea90dd') in 0.001824 seconds 
  Import took 0.005120 seconds .

========================================================================
Received Import Request.
  Time since last request: 0.001223 seconds.
  path: Assets/Art/Animations/AnimationClips/Player/RubyIdleRight.anim
  artifactKey: Guid(03a8dc2afbae8c14e8ddd760c0bb9e3e) Importer(815301076,1909f56bfc062723c751e8b465ee728b)
Start importing Assets/Art/Animations/AnimationClips/Player/RubyIdleRight.anim using Guid(03a8dc2afbae8c14e8ddd760c0bb9e3e) Importer(815301076,1909f56bfc062723c751e8b465ee728b)  -> (artifact id: 'd7b21ce8e8e37898eba71abd18d0b203') in 0.001697 seconds 
  Import took 0.003999 seconds .

========================================================================
Received Import Request.
  Time since last request: 0.001402 seconds.
  path: Assets/Art/Animations/AnimationClips/Player/RubyLaunchDown.anim
  artifactKey: Guid(1a182fb04889c214681d42e43051ad50) Importer(815301076,1909f56bfc062723c751e8b465ee728b)
Start importing Assets/Art/Animations/AnimationClips/Player/RubyLaunchDown.anim using Guid(1a182fb04889c214681d42e43051ad50) Importer(815301076,1909f56bfc062723c751e8b465ee728b)  -> (artifact id: '970d1cc5e4f50d2c6b018ece8a5dbb54') in 0.001584 seconds 
  Import took 0.004168 seconds .

========================================================================
Received Import Request.
  Time since last request: 0.006181 seconds.
  path: Assets/Scripts/DamageZone.cs
  artifactKey: Guid(af7d65f25bdd1449a91052d2a4e24d19) Importer(815301076,1909f56bfc062723c751e8b465ee728b)
Start importing Assets/Scripts/DamageZone.cs using Guid(af7d65f25bdd1449a91052d2a4e24d19) Importer(815301076,1909f56bfc062723c751e8b465ee728b)  -> (artifact id: '10b0ea62b334fb750fe9d1ea37f7c3d2') in 0.002402 seconds 
  Import took 0.008079 seconds .

========================================================================
Received Import Request.
  Time since last request: 0.002588 seconds.
  path: Assets/Art/Sprites/tiles/grasstileset_64.asset
  artifactKey: Guid(bd1b3a8fd65a94f0ca4d726dbcea228f) Importer(815301076,1909f56bfc062723c751e8b465ee728b)
Start importing Assets/Art/Sprites/tiles/grasstileset_64.asset using Guid(bd1b3a8fd65a94f0ca4d726dbcea228f) Importer(815301076,1909f56bfc062723c751e8b465ee728b)  -> (artifact id: 'e75106a022998830d7c3e9c19f9bf8eb') in 0.008855 seconds 
  Import took 0.015294 seconds .

========================================================================
Received Import Request.
  Time since last request: 0.002980 seconds.
  path: Assets/Art/Animations/AnimationClips/RobotLeft.anim.anim
  artifactKey: Guid(eacd842c8ee7c4c658a183c287d6f443) Importer(815301076,1909f56bfc062723c751e8b465ee728b)
Start importing Assets/Art/Animations/AnimationClips/RobotLeft.anim.anim using Guid(eacd842c8ee7c4c658a183c287d6f443) Importer(815301076,1909f56bfc062723c751e8b465ee728b)  -> (artifact id: 'fa388aae74a5baaeb4f6865e6ddff5a1') in 0.003167 seconds 
  Import took 0.008302 seconds .

========================================================================
Received Import Request.
  Time since last request: 0.004124 seconds.
  path: Assets/Scripts/EnemyController.cs
  artifactKey: Guid(20287285c27d844ac828d5b8101ae3b3) Importer(815301076,1909f56bfc062723c751e8b465ee728b)
Start importing Assets/Scripts/EnemyController.cs using Guid(20287285c27d844ac828d5b8101ae3b3) Importer(815301076,1909f56bfc062723c751e8b465ee728b)  -> (artifact id: '2e3b78643f346180b9ee572c1243e627') in 0.002788 seconds 
  Import took 0.008168 seconds .

========================================================================
Received Import Request.
  Time since last request: 0.002219 seconds.
  path: Assets/Art/Animations/AnimationClips/Player/RubyHitUp.anim
  artifactKey: Guid(7b8f71adb6a886d4e904c3583e981eed) Importer(815301076,1909f56bfc062723c751e8b465ee728b)
Start importing Assets/Art/Animations/AnimationClips/Player/RubyHitUp.anim using Guid(7b8f71adb6a886d4e904c3583e981eed) Importer(815301076,1909f56bfc062723c751e8b465ee728b)  -> (artifact id: '3ff3e6a77411323c87fd6a63f2936f63') in 0.003174 seconds 
  Import took 0.009294 seconds .

========================================================================
Received Import Request.
  Time since last request: 0.001577 seconds.
  path: Assets/Art/Animations/Robotfixed.anim.anim.anim
  artifactKey: Guid(3befbc4e674f94e28b77389cc2a8f87e) Importer(815301076,1909f56bfc062723c751e8b465ee728b)
Start importing Assets/Art/Animations/Robotfixed.anim.anim.anim using Guid(3befbc4e674f94e28b77389cc2a8f87e) Importer(815301076,1909f56bfc062723c751e8b465ee728b)  -> (artifact id: '0ee9f77156292c8db2c6076b4f180481') in 0.002294 seconds 
  Import took 0.005886 seconds .

========================================================================
Received Import Request.
  Time since last request: 0.002896 seconds.
  path: Assets/Art/Sprites/tiles/grasstileset_66.asset
  artifactKey: Guid(b993604fb089942f1b7d5013661ddf3a) Importer(815301076,1909f56bfc062723c751e8b465ee728b)
Start importing Assets/Art/Sprites/tiles/grasstileset_66.asset using Guid(b993604fb089942f1b7d5013661ddf3a) Importer(815301076,1909f56bfc062723c751e8b465ee728b)  -> (artifact id: '32e152f31eb5ed53d694fbafb31b6666') in 0.006005 seconds 
  Import took 0.009965 seconds .

========================================================================
Received Import Request.
  Time since last request: 0.005649 seconds.
  path: Assets/Art/Animations/AnimationClips/Robot_Up.anim.anim.anim
  artifactKey: Guid(20d85c0c4112740d194098c67764eda9) Importer(815301076,1909f56bfc062723c751e8b465ee728b)
Start importing Assets/Art/Animations/AnimationClips/Robot_Up.anim.anim.anim using Guid(20d85c0c4112740d194098c67764eda9) Importer(815301076,1909f56bfc062723c751e8b465ee728b)  -> (artifact id: 'ed4fa085c9f100064deef9d5d9623c59') in 0.002356 seconds 
  Import took 0.006398 seconds .

========================================================================
Received Import Request.
  Time since last request: 0.001522 seconds.
  path: Assets/Scripts/NonPlayerCharacter.cs
  artifactKey: Guid(48909c988e67b42b8814926cac517373) Importer(815301076,1909f56bfc062723c751e8b465ee728b)
Start importing Assets/Scripts/NonPlayerCharacter.cs using Guid(48909c988e67b42b8814926cac517373) Importer(815301076,1909f56bfc062723c751e8b465ee728b)  -> (artifact id: '5e0d18c3a46fe1c67fd78da36404413a') in 0.001671 seconds 
  Import took 0.004659 seconds .

========================================================================
Received Prepare
Registering precompiled user dll's ...
Registered in 0.001952 seconds.
Begin MonoManager ReloadAssembly
Native extension for OSXStandalone target not found
Refreshing native plugins compatible for Editor in 0.44 ms, found 3 plugins.
Preloading 0 native plugins for Editor in 0.00 ms.
Mono: successfully reloaded assembly
- Completed reload, in  0.997 seconds
Domain Reload Profiling:
	ReloadAssembly (998ms)
		BeginReloadAssembly (104ms)
			ExecutionOrderSort (0ms)
			DisableScriptedObjects (6ms)
			BackupInstance (0ms)
			ReleaseScriptingObjects (0ms)
			CreateAndSetChildDomain (49ms)
		EndReloadAssembly (839ms)
			LoadAssemblies (65ms)
			RebuildTransferFunctionScriptingTraits (0ms)
			SetupTypeCache (315ms)
			ReleaseScriptCaches (1ms)
			RebuildScriptCaches (48ms)
			SetupLoadedEditorAssemblies (300ms)
				LogAssemblyErrors (0ms)
				InitializePlatformSupportModulesInManaged (4ms)
				SetLoadedEditorAssemblies (0ms)
				RefreshPlugins (0ms)
				BeforeProcessingInitializeOnLoad (88ms)
				ProcessInitializeOnLoadAttributes (196ms)
				ProcessInitializeOnLoadMethodAttributes (10ms)
				AfterProcessingInitializeOnLoad (1ms)
				EditorAssembliesLoaded (0ms)
			ExecutionOrderSort2 (0ms)
			AwakeInstancesAfterBackupRestoration (8ms)
Platform modules already initialized, skipping
Refreshing native plugins compatible for Editor in 0.44 ms, found 3 plugins.
Preloading 0 native plugins for Editor in 0.00 ms.
Unloading 2345 Unused Serialized files (Serialized files now loaded: 0)
System memory in use before: 238.2 MB.
System memory in use after: 238.2 MB.

Unloading 25 unused Assets to reduce memory usage. Loaded Objects now: 2842.
Total: 2.485974 ms (FindLiveObjects: 0.171738 ms CreateObjectMapping: 0.088366 ms MarkObjects: 2.133103 ms  DeleteObjects: 0.091683 ms)

AssetImportParameters requested are different than current active one (requested -> active):
  custom:video-decoder-ogg-theora: a1e56fd34408186e4bbccfd4996cb3dc -> 
  custom:container-muxer-webm: aa71ff27fc2769a1b78a27578f13a17b -> 
  custom:container-demuxer-webm: 4f35f7cbe854078d1ac9338744f61a02 -> 
  custom:container-demuxer-ogg: 62fdf1f143b41e24485cea50d1cbac27 -> 
  custom:video-encoder-webm-vp8: eb34c28f22e8b96e1ab97ce403110664 -> 
  custom:framework-osx-AVFoundation: e770b220cccbd017edd2c1fefb359320 -> 
  custom:video-decoder-webm-vp8: 9c59270c3fd7afecdb556c50c9e8de78 -> 
  custom:audio-decoder-ogg-vorbis: bf7c407c2cedff20999df2af8eb42d56 -> 
  custom:audio-encoder-webm-vorbis: bf7c407c2cedff20999df2af8eb42d56 -> 
========================================================================
Received Import Request.
  Time since last request: 196.475207 seconds.
  path: Assets/Scripts/RubyController.cs
  artifactKey: Guid(9b7c6e1f62b624439a786966fd266703) Importer(815301076,1909f56bfc062723c751e8b465ee728b)
Start importing Assets/Scripts/RubyController.cs using Guid(9b7c6e1f62b624439a786966fd266703) Importer(815301076,1909f56bfc062723c751e8b465ee728b)  -> (artifact id: 'a3fd6f1c810ee8fbdad942956d684e30') in 0.003914 seconds 
  Import took 0.006483 seconds .

========================================================================
Received Prepare
Registering precompiled user dll's ...
Registered in 0.001779 seconds.
Begin MonoManager ReloadAssembly
Native extension for OSXStandalone target not found
Refreshing native plugins compatible for Editor in 0.45 ms, found 3 plugins.
Preloading 0 native plugins for Editor in 0.00 ms.
Mono: successfully reloaded assembly
- Completed reload, in  0.996 seconds
Domain Reload Profiling:
	ReloadAssembly (996ms)
		BeginReloadAssembly (103ms)
			ExecutionOrderSort (0ms)
			DisableScriptedObjects (6ms)
			BackupInstance (0ms)
			ReleaseScriptingObjects (0ms)
			CreateAndSetChildDomain (50ms)
		EndReloadAssembly (837ms)
			LoadAssemblies (64ms)
			RebuildTransferFunctionScriptingTraits (0ms)
			SetupTypeCache (315ms)
			ReleaseScriptCaches (1ms)
			RebuildScriptCaches (48ms)
			SetupLoadedEditorAssemblies (301ms)
				LogAssemblyErrors (0ms)
				InitializePlatformSupportModulesInManaged (4ms)
				SetLoadedEditorAssemblies (0ms)
				RefreshPlugins (0ms)
				BeforeProcessingInitializeOnLoad (88ms)
				ProcessInitializeOnLoadAttributes (198ms)
				ProcessInitializeOnLoadMethodAttributes (10ms)
				AfterProcessingInitializeOnLoad (1ms)
				EditorAssembliesLoaded (0ms)
			ExecutionOrderSort2 (0ms)
			AwakeInstancesAfterBackupRestoration (8ms)
Platform modules already initialized, skipping
Refreshing native plugins compatible for Editor in 0.44 ms, found 3 plugins.
Preloading 0 native plugins for Editor in 0.00 ms.
Unloading 2345 Unused Serialized files (Serialized files now loaded: 0)
System memory in use before: 238.4 MB.
System memory in use after: 238.5 MB.

Unloading 24 unused Assets to reduce memory usage. Loaded Objects now: 2844.
Total: 2.549687 ms (FindLiveObjects: 0.183921 ms CreateObjectMapping: 0.098950 ms MarkObjects: 2.179114 ms  DeleteObjects: 0.086877 ms)

AssetImportParameters requested are different than current active one (requested -> active):
  custom:video-decoder-ogg-theora: a1e56fd34408186e4bbccfd4996cb3dc -> 
  custom:container-muxer-webm: aa71ff27fc2769a1b78a27578f13a17b -> 
  custom:container-demuxer-webm: 4f35f7cbe854078d1ac9338744f61a02 -> 
  custom:container-demuxer-ogg: 62fdf1f143b41e24485cea50d1cbac27 -> 
  custom:video-encoder-webm-vp8: eb34c28f22e8b96e1ab97ce403110664 -> 
  custom:framework-osx-AVFoundation: e770b220cccbd017edd2c1fefb359320 -> 
  custom:video-decoder-webm-vp8: 9c59270c3fd7afecdb556c50c9e8de78 -> 
  custom:audio-decoder-ogg-vorbis: bf7c407c2cedff20999df2af8eb42d56 -> 
  custom:audio-encoder-webm-vorbis: bf7c407c2cedff20999df2af8eb42d56 -> 
========================================================================
Received Prepare
Registering precompiled user dll's ...
Registered in 0.001757 seconds.
Begin MonoManager ReloadAssembly
Native extension for OSXStandalone target not found
Refreshing native plugins compatible for Editor in 0.46 ms, found 3 plugins.
Preloading 0 native plugins for Editor in 0.00 ms.
Mono: successfully reloaded assembly
- Completed reload, in  0.991 seconds
Domain Reload Profiling:
	ReloadAssembly (991ms)
		BeginReloadAssembly (105ms)
			ExecutionOrderSort (0ms)
			DisableScriptedObjects (5ms)
			BackupInstance (0ms)
			ReleaseScriptingObjects (0ms)
			CreateAndSetChildDomain (51ms)
		EndReloadAssembly (831ms)
			LoadAssemblies (63ms)
			RebuildTransferFunctionScriptingTraits (0ms)
			SetupTypeCache (308ms)
			ReleaseScriptCaches (1ms)
			RebuildScriptCaches (48ms)
			SetupLoadedEditorAssemblies (302ms)
				LogAssemblyErrors (0ms)
				InitializePlatformSupportModulesInManaged (4ms)
				SetLoadedEditorAssemblies (0ms)
				RefreshPlugins (0ms)
				BeforeProcessingInitializeOnLoad (88ms)
				ProcessInitializeOnLoadAttributes (198ms)
				ProcessInitializeOnLoadMethodAttributes (10ms)
				AfterProcessingInitializeOnLoad (1ms)
				EditorAssembliesLoaded (0ms)
			ExecutionOrderSort2 (0ms)
			AwakeInstancesAfterBackupRestoration (8ms)
Platform modules already initialized, skipping
Refreshing native plugins compatible for Editor in 0.44 ms, found 3 plugins.
Preloading 0 native plugins for Editor in 0.00 ms.
Unloading 2345 Unused Serialized files (Serialized files now loaded: 0)
System memory in use before: 238.6 MB.
System memory in use after: 238.7 MB.

Unloading 24 unused Assets to reduce memory usage. Loaded Objects now: 2846.
Total: 2.569092 ms (FindLiveObjects: 0.161320 ms CreateObjectMapping: 0.088102 ms MarkObjects: 2.222456 ms  DeleteObjects: 0.096590 ms)

AssetImportParameters requested are different than current active one (requested -> active):
  custom:video-decoder-ogg-theora: a1e56fd34408186e4bbccfd4996cb3dc -> 
  custom:container-muxer-webm: aa71ff27fc2769a1b78a27578f13a17b -> 
  custom:container-demuxer-webm: 4f35f7cbe854078d1ac9338744f61a02 -> 
  custom:container-demuxer-ogg: 62fdf1f143b41e24485cea50d1cbac27 -> 
  custom:video-encoder-webm-vp8: eb34c28f22e8b96e1ab97ce403110664 -> 
  custom:framework-osx-AVFoundation: e770b220cccbd017edd2c1fefb359320 -> 
  custom:video-decoder-webm-vp8: 9c59270c3fd7afecdb556c50c9e8de78 -> 
  custom:audio-decoder-ogg-vorbis: bf7c407c2cedff20999df2af8eb42d56 -> 
  custom:audio-encoder-webm-vorbis: bf7c407c2cedff20999df2af8eb42d56 -> 
========================================================================
Received Prepare
Registering precompiled user dll's ...
Registered in 0.001844 seconds.
Begin MonoManager ReloadAssembly
Native extension for OSXStandalone target not found
Refreshing native plugins compatible for Editor in 0.46 ms, found 3 plugins.
Preloading 0 native plugins for Editor in 0.00 ms.
Mono: successfully reloaded assembly
- Completed reload, in  0.998 seconds
Domain Reload Profiling:
	ReloadAssembly (998ms)
		BeginReloadAssembly (108ms)
			ExecutionOrderSort (0ms)
			DisableScriptedObjects (6ms)
			BackupInstance (0ms)
			ReleaseScriptingObjects (0ms)
			CreateAndSetChildDomain (54ms)
		EndReloadAssembly (835ms)
			LoadAssemblies (63ms)
			RebuildTransferFunctionScriptingTraits (0ms)
			SetupTypeCache (314ms)
			ReleaseScriptCaches (1ms)
			RebuildScriptCaches (48ms)
			SetupLoadedEditorAssemblies (302ms)
				LogAssemblyErrors (0ms)
				InitializePlatformSupportModulesInManaged (4ms)
				SetLoadedEditorAssemblies (0ms)
				RefreshPlugins (0ms)
				BeforeProcessingInitializeOnLoad (88ms)
				ProcessInitializeOnLoadAttributes (199ms)
				ProcessInitializeOnLoadMethodAttributes (10ms)
				AfterProcessingInitializeOnLoad (1ms)
				EditorAssembliesLoaded (0ms)
			ExecutionOrderSort2 (0ms)
			AwakeInstancesAfterBackupRestoration (8ms)
Platform modules already initialized, skipping
Refreshing native plugins compatible for Editor in 0.45 ms, found 3 plugins.
Preloading 0 native plugins for Editor in 0.00 ms.
Unloading 2345 Unused Serialized files (Serialized files now loaded: 0)
System memory in use before: 238.8 MB.
System memory in use after: 238.9 MB.

Unloading 24 unused Assets to reduce memory usage. Loaded Objects now: 2848.
Total: 2.459100 ms (FindLiveObjects: 0.164561 ms CreateObjectMapping: 0.086331 ms MarkObjects: 2.115163 ms  DeleteObjects: 0.092335 ms)

AssetImportParameters requested are different than current active one (requested -> active):
  custom:video-decoder-ogg-theora: a1e56fd34408186e4bbccfd4996cb3dc -> 
  custom:container-muxer-webm: aa71ff27fc2769a1b78a27578f13a17b -> 
  custom:container-demuxer-webm: 4f35f7cbe854078d1ac9338744f61a02 -> 
  custom:container-demuxer-ogg: 62fdf1f143b41e24485cea50d1cbac27 -> 
  custom:video-encoder-webm-vp8: eb34c28f22e8b96e1ab97ce403110664 -> 
  custom:framework-osx-AVFoundation: e770b220cccbd017edd2c1fefb359320 -> 
  custom:video-decoder-webm-vp8: 9c59270c3fd7afecdb556c50c9e8de78 -> 
  custom:audio-decoder-ogg-vorbis: bf7c407c2cedff20999df2af8eb42d56 -> 
  custom:audio-encoder-webm-vorbis: bf7c407c2cedff20999df2af8eb42d56 -> 
AssetImportWorkerClient::OnTransportError - code=2 error=End of file
